    Finished `release` profile [optimized] target(s) in 0.41s
     Running `target/release/tpcds_client --manifest benchmark/tpcds/manifest.json --answer-dir benchmark/tpcds/answers/sf0.1 --iteration 1`
2025-11-30T13:37:22.323845+08:00[Asia/Shanghai]  INFO liquid_cache_benchmarks::client_runner: client_runner.rs:129 Running query 1
2025-11-30T13:37:22.360798+08:00[Asia/Shanghai]  INFO tpcds_client: tpcds_client.rs:92 Query 1 passed validation
2025-11-30T13:37:22.999560+08:00[Asia/Shanghai]  INFO liquid_cache_benchmarks::client_runner: client_runner.rs:203 
┌──────────────────────────────────────────────────┐
│ Query Time:                                23 ms │
│ Cache CPU:                                  0 ms │
├──────────────────────────────────────────────────┤
│ Network:                                800.0 KB │
│ Cache Memory (total/liquid):     1.2 GB / 1.2 GB │
│ Disk (Read/Write):                     0 B / 0 B │
└──────────────────────────────────────────────────┘

2025-11-30T13:37:22.999770+08:00[Asia/Shanghai]  INFO liquid_cache_benchmarks::client_runner: client_runner.rs:129 Running query 2
2025-11-30T13:37:23.039291+08:00[Asia/Shanghai]  INFO tpcds_client: tpcds_client.rs:92 Query 2 passed validation
2025-11-30T13:37:23.909834+08:00[Asia/Shanghai]  INFO liquid_cache_benchmarks::client_runner: client_runner.rs:203 
┌──────────────────────────────────────────────────┐
│ Query Time:                                24 ms │
│ Cache CPU:                                  0 ms │
├──────────────────────────────────────────────────┤
│ Network:                                 14.1 MB │
│ Cache Memory (total/liquid):     1.6 GB / 1.6 GB │
│ Disk (Read/Write):             696.0 KB / 1.9 MB │
└──────────────────────────────────────────────────┘

2025-11-30T13:37:23.910244+08:00[Asia/Shanghai]  INFO liquid_cache_benchmarks::client_runner: client_runner.rs:129 Running query 3
2025-11-30T13:37:23.930562+08:00[Asia/Shanghai]  INFO tpcds_client: tpcds_client.rs:92 Query 3 passed validation
2025-11-30T13:37:24.291899+08:00[Asia/Shanghai]  INFO liquid_cache_benchmarks::client_runner: client_runner.rs:203 
┌──────────────────────────────────────────────────┐
│ Query Time:                                 9 ms │
│ Cache CPU:                                  3 ms │
├──────────────────────────────────────────────────┤
│ Network:                                  4.9 MB │
│ Cache Memory (total/liquid): 619.8 MB / 619.8 MB │
│ Disk (Read/Write):              1.0 MB / 32.0 KB │
└──────────────────────────────────────────────────┘

2025-11-30T13:37:24.291984+08:00[Asia/Shanghai]  INFO liquid_cache_benchmarks::client_runner: client_runner.rs:129 Running query 4
2025-11-30T13:37:24.364741+08:00[Asia/Shanghai]  INFO tpcds_client: tpcds_client.rs:92 Query 4 passed validation
2025-11-30T13:37:26.149911+08:00[Asia/Shanghai]  INFO liquid_cache_benchmarks::client_runner: client_runner.rs:203 
┌──────────────────────────────────────────────────┐
│ Query Time:                                60 ms │
│ Cache CPU:                                  3 ms │
├──────────────────────────────────────────────────┤
│ Network:                                 21.4 MB │
│ Cache Memory (total/liquid):     3.6 GB / 3.6 GB │
│ Disk (Read/Write):                 40.0 KB / 0 B │
└──────────────────────────────────────────────────┘

2025-11-30T13:37:26.150976+08:00[Asia/Shanghai]  INFO liquid_cache_benchmarks::client_runner: client_runner.rs:129 Running query 5
2025-11-30T13:37:26.183109+08:00[Asia/Shanghai]  INFO tpcds_client: tpcds_client.rs:92 Query 5 passed validation
2025-11-30T13:37:27.470415+08:00[Asia/Shanghai]  INFO liquid_cache_benchmarks::client_runner: client_runner.rs:203 
┌──────────────────────────────────────────────────┐
│ Query Time:                                20 ms │
│ Cache CPU:                                  1 ms │
├──────────────────────────────────────────────────┤
│ Network:                                 28.1 MB │
│ Cache Memory (total/liquid):     2.6 GB / 2.6 GB │
│ Disk (Read/Write):               1.3 MB / 2.3 MB │
└──────────────────────────────────────────────────┘

2025-11-30T13:37:27.470641+08:00[Asia/Shanghai]  INFO liquid_cache_benchmarks::client_runner: client_runner.rs:129 Running query 6
2025-11-30T13:37:27.498255+08:00[Asia/Shanghai]  INFO tpcds_client: tpcds_client.rs:92 Query 6 passed validation
2025-11-30T13:37:28.221789+08:00[Asia/Shanghai]  INFO liquid_cache_benchmarks::client_runner: client_runner.rs:203 
┌──────────────────────────────────────────────────┐
│ Query Time:                                16 ms │
│ Cache CPU:                                  1 ms │
├──────────────────────────────────────────────────┤
│ Network:                                585.0 KB │
│ Cache Memory (total/liquid):     1.4 GB / 1.4 GB │
│ Disk (Read/Write):               3.0 MB / 3.8 MB │
└──────────────────────────────────────────────────┘

2025-11-30T13:37:28.221943+08:00[Asia/Shanghai]  INFO liquid_cache_benchmarks::client_runner: client_runner.rs:129 Running query 7
2025-11-30T13:37:28.247132+08:00[Asia/Shanghai]  INFO tpcds_client: tpcds_client.rs:92 Query 7 passed validation
2025-11-30T13:37:28.798030+08:00[Asia/Shanghai]  INFO liquid_cache_benchmarks::client_runner: client_runner.rs:203 
┌──────────────────────────────────────────────────┐
│ Query Time:                                14 ms │
│ Cache CPU:                                  3 ms │
├──────────────────────────────────────────────────┤
│ Network:                                  4.8 MB │
│ Cache Memory (total/liquid):     1.0 GB / 1.0 GB │
│ Disk (Read/Write):            72.0 KB / 424.0 KB │
└──────────────────────────────────────────────────┘

2025-11-30T13:37:28.798139+08:00[Asia/Shanghai]  INFO liquid_cache_benchmarks::client_runner: client_runner.rs:129 Running query 8
2025-11-30T13:37:28.824690+08:00[Asia/Shanghai]  INFO tpcds_client: tpcds_client.rs:92 Query 8 passed validation
2025-11-30T13:37:29.460955+08:00[Asia/Shanghai]  INFO liquid_cache_benchmarks::client_runner: client_runner.rs:203 
┌──────────────────────────────────────────────────┐
│ Query Time:                                14 ms │
│ Cache CPU:                                  0 ms │
├──────────────────────────────────────────────────┤
│ Network:                                489.9 KB │
│ Cache Memory (total/liquid):     1.2 GB / 1.2 GB │
│ Disk (Read/Write):                120.0 KB / 0 B │
└──────────────────────────────────────────────────┘

2025-11-30T13:37:29.461118+08:00[Asia/Shanghai]  INFO liquid_cache_benchmarks::client_runner: client_runner.rs:129 Running query 9
2025-11-30T13:37:29.499489+08:00[Asia/Shanghai]  INFO tpcds_client: tpcds_client.rs:92 Query 9 passed validation
2025-11-30T13:37:31.162090+08:00[Asia/Shanghai]  INFO liquid_cache_benchmarks::client_runner: client_runner.rs:203 
┌──────────────────────────────────────────────────┐
│ Query Time:                                26 ms │
│ Cache CPU:                                 15 ms │
├──────────────────────────────────────────────────┤
│ Network:                                692.2 KB │
│ Cache Memory (total/liquid):     3.2 GB / 3.2 GB │
│ Disk (Read/Write):              8.0 KB / 16.0 KB │
└──────────────────────────────────────────────────┘

2025-11-30T13:37:31.162280+08:00[Asia/Shanghai]  INFO liquid_cache_benchmarks::client_runner: client_runner.rs:129 Running query 11
2025-11-30T13:37:31.213275+08:00[Asia/Shanghai]  INFO tpcds_client: tpcds_client.rs:92 Query 11 passed validation
2025-11-30T13:37:32.457559+08:00[Asia/Shanghai]  INFO liquid_cache_benchmarks::client_runner: client_runner.rs:203 
┌──────────────────────────────────────────────────┐
│ Query Time:                                39 ms │
│ Cache CPU:                                  2 ms │
├──────────────────────────────────────────────────┤
│ Network:                                 10.7 MB │
│ Cache Memory (total/liquid):     2.4 GB / 2.4 GB │
│ Disk (Read/Write):             208.0 KB / 2.0 MB │
└──────────────────────────────────────────────────┘

2025-11-30T13:37:32.457830+08:00[Asia/Shanghai]  INFO liquid_cache_benchmarks::client_runner: client_runner.rs:129 Running query 12
2025-11-30T13:37:32.483473+08:00[Asia/Shanghai]  INFO tpcds_client: tpcds_client.rs:92 Query 12 passed validation
2025-11-30T13:37:32.865906+08:00[Asia/Shanghai]  INFO liquid_cache_benchmarks::client_runner: client_runner.rs:203 
┌──────────────────────────────────────────────────┐
│ Query Time:                                13 ms │
│ Cache CPU:                                  1 ms │
├──────────────────────────────────────────────────┤
│ Network:                                  2.4 MB │
│ Cache Memory (total/liquid): 619.8 MB / 619.8 MB │
│ Disk (Read/Write):                680.0 KB / 0 B │
└──────────────────────────────────────────────────┘

2025-11-30T13:37:32.866032+08:00[Asia/Shanghai]  INFO liquid_cache_benchmarks::client_runner: client_runner.rs:129 Running query 13
2025-11-30T13:37:32.895648+08:00[Asia/Shanghai]  INFO tpcds_client: tpcds_client.rs:92 Query 13 passed validation
2025-11-30T13:37:33.555311+08:00[Asia/Shanghai]  INFO liquid_cache_benchmarks::client_runner: client_runner.rs:203 
┌──────────────────────────────────────────────────┐
│ Query Time:                                18 ms │
│ Cache CPU:                                  6 ms │
├──────────────────────────────────────────────────┤
│ Network:                                884.1 KB │
│ Cache Memory (total/liquid):     1.2 GB / 1.2 GB │
│ Disk (Read/Write):              24.0 KB / 2.1 MB │
└──────────────────────────────────────────────────┘

2025-11-30T13:37:33.555444+08:00[Asia/Shanghai]  INFO liquid_cache_benchmarks::client_runner: client_runner.rs:129 Running query 14
2025-11-30T13:37:33.638229+08:00[Asia/Shanghai]  INFO tpcds_client: tpcds_client.rs:92 Query 14 passed validation
2025-11-30T13:37:39.329127+08:00[Asia/Shanghai]  INFO liquid_cache_benchmarks::client_runner: client_runner.rs:203 
┌──────────────────────────────────────────────────┐
│ Query Time:                                70 ms │
│ Cache CPU:                                  5 ms │
├──────────────────────────────────────────────────┤
│ Network:                                 43.5 MB │
│ Cache Memory (total/liquid):   11.5 GB / 11.5 GB │
│ Disk (Read/Write):           504.0 KB / 944.0 KB │
└──────────────────────────────────────────────────┘

2025-11-30T13:37:39.329807+08:00[Asia/Shanghai]  INFO liquid_cache_benchmarks::client_runner: client_runner.rs:129 Running query 15
2025-11-30T13:37:39.351230+08:00[Asia/Shanghai]  INFO tpcds_client: tpcds_client.rs:92 Query 15 passed validation
2025-11-30T13:37:39.836401+08:00[Asia/Shanghai]  INFO liquid_cache_benchmarks::client_runner: client_runner.rs:203 
┌──────────────────────────────────────────────────┐
│ Query Time:                                10 ms │
│ Cache CPU:                                  0 ms │
├──────────────────────────────────────────────────┤
│ Network:                                746.3 KB │
│ Cache Memory (total/liquid): 826.4 MB / 826.4 MB │
│ Disk (Read/Write):              1.5 MB / 15.4 MB │
└──────────────────────────────────────────────────┘

2025-11-30T13:37:39.836507+08:00[Asia/Shanghai]  INFO liquid_cache_benchmarks::client_runner: client_runner.rs:129 Running query 16
2025-11-30T13:37:39.861693+08:00[Asia/Shanghai]  INFO tpcds_client: tpcds_client.rs:92 Query 16 passed validation
2025-11-30T13:37:40.566360+08:00[Asia/Shanghai]  INFO liquid_cache_benchmarks::client_runner: client_runner.rs:203 
┌──────────────────────────────────────────────────┐
│ Query Time:                                13 ms │
│ Cache CPU:                                  0 ms │
├──────────────────────────────────────────────────┤
│ Network:                                  2.8 MB │
│ Cache Memory (total/liquid):     1.2 GB / 1.2 GB │
│ Disk (Read/Write):            448.0 KB / 16.0 KB │
└──────────────────────────────────────────────────┘

2025-11-30T13:37:40.566499+08:00[Asia/Shanghai]  INFO liquid_cache_benchmarks::client_runner: client_runner.rs:129 Running query 17
2025-11-30T13:37:40.598224+08:00[Asia/Shanghai]  INFO tpcds_client: tpcds_client.rs:92 Query 17 passed validation
2025-11-30T13:37:41.470106+08:00[Asia/Shanghai]  INFO liquid_cache_benchmarks::client_runner: client_runner.rs:203 
┌──────────────────────────────────────────────────┐
│ Query Time:                                20 ms │
│ Cache CPU:                                  2 ms │
├──────────────────────────────────────────────────┤
│ Network:                                  1.5 MB │
│ Cache Memory (total/liquid):     1.6 GB / 1.6 GB │
│ Disk (Read/Write):             8.0 KB / 800.0 KB │
└──────────────────────────────────────────────────┘

2025-11-30T13:37:41.470272+08:00[Asia/Shanghai]  INFO liquid_cache_benchmarks::client_runner: client_runner.rs:129 Running query 19
2025-11-30T13:37:41.492817+08:00[Asia/Shanghai]  INFO tpcds_client: tpcds_client.rs:92 Query 19 passed validation
2025-11-30T13:37:42.176955+08:00[Asia/Shanghai]  INFO liquid_cache_benchmarks::client_runner: client_runner.rs:203 
┌──────────────────────────────────────────────────┐
│ Query Time:                                11 ms │
│ Cache CPU:                                  0 ms │
├──────────────────────────────────────────────────┤
│ Network:                                708.7 KB │
│ Cache Memory (total/liquid):     1.2 GB / 1.2 GB │
│ Disk (Read/Write):              72.0 KB / 8.0 KB │
└──────────────────────────────────────────────────┘

2025-11-30T13:37:42.177074+08:00[Asia/Shanghai]  INFO liquid_cache_benchmarks::client_runner: client_runner.rs:129 Running query 20
2025-11-30T13:37:42.196246+08:00[Asia/Shanghai]  INFO tpcds_client: tpcds_client.rs:92 Query 20 passed validation
2025-11-30T13:37:42.583539+08:00[Asia/Shanghai]  INFO liquid_cache_benchmarks::client_runner: client_runner.rs:203 
┌──────────────────────────────────────────────────┐
│ Query Time:                                 7 ms │
│ Cache CPU:                                  1 ms │
├──────────────────────────────────────────────────┤
│ Network:                                200.6 KB │
│ Cache Memory (total/liquid): 619.8 MB / 619.8 MB │
│ Disk (Read/Write):                 88.0 KB / 0 B │
└──────────────────────────────────────────────────┘

2025-11-30T13:37:42.583663+08:00[Asia/Shanghai]  INFO liquid_cache_benchmarks::client_runner: client_runner.rs:129 Running query 21
2025-11-30T13:37:42.602392+08:00[Asia/Shanghai]  INFO tpcds_client: tpcds_client.rs:92 Query 21 passed validation
2025-11-30T13:37:43.114889+08:00[Asia/Shanghai]  INFO liquid_cache_benchmarks::client_runner: client_runner.rs:203 
┌──────────────────────────────────────────────────┐
│ Query Time:                                 7 ms │
│ Cache CPU:                                  0 ms │
├──────────────────────────────────────────────────┤
│ Network:                                283.8 KB │
│ Cache Memory (total/liquid): 826.4 MB / 826.4 MB │
│ Disk (Read/Write):                 24.0 KB / 0 B │
└──────────────────────────────────────────────────┘

2025-11-30T13:37:43.115013+08:00[Asia/Shanghai]  INFO liquid_cache_benchmarks::client_runner: client_runner.rs:129 Running query 22
2025-11-30T13:37:43.135925+08:00[Asia/Shanghai]  INFO tpcds_client: tpcds_client.rs:92 Query 22 passed validation
2025-11-30T13:37:43.525360+08:00[Asia/Shanghai]  INFO liquid_cache_benchmarks::client_runner: client_runner.rs:203 
┌──────────────────────────────────────────────────┐
│ Query Time:                                 9 ms │
│ Cache CPU:                                  0 ms │
├──────────────────────────────────────────────────┤
│ Network:                                  1.1 MB │
│ Cache Memory (total/liquid): 619.8 MB / 619.8 MB │
│ Disk (Read/Write):                136.0 KB / 0 B │
└──────────────────────────────────────────────────┘

2025-11-30T13:37:43.525460+08:00[Asia/Shanghai]  INFO liquid_cache_benchmarks::client_runner: client_runner.rs:129 Running query 24
2025-11-30T13:37:43.567781+08:00[Asia/Shanghai]  INFO tpcds_client: tpcds_client.rs:92 Query 24 passed validation
2025-11-30T13:37:44.836360+08:00[Asia/Shanghai]  INFO liquid_cache_benchmarks::client_runner: client_runner.rs:203 
┌──────────────────────────────────────────────────┐
│ Query Time:                                31 ms │
│ Cache CPU:                                 11 ms │
├──────────────────────────────────────────────────┤
│ Network:                                 28.1 MB │
│ Cache Memory (total/liquid):     2.4 GB / 2.4 GB │
│ Disk (Read/Write):                  8.0 KB / 0 B │
└──────────────────────────────────────────────────┘

2025-11-30T13:37:44.836698+08:00[Asia/Shanghai]  INFO liquid_cache_benchmarks::client_runner: client_runner.rs:129 Running query 25
2025-11-30T13:37:44.946515+08:00[Asia/Shanghai]  INFO tpcds_client: tpcds_client.rs:92 Query 25 passed validation
2025-11-30T13:37:45.923781+08:00[Asia/Shanghai]  INFO liquid_cache_benchmarks::client_runner: client_runner.rs:203 
┌──────────────────────────────────────────────────┐
│ Query Time:                                87 ms │
│ Cache CPU:                                  3 ms │
├──────────────────────────────────────────────────┤
│ Network:                                  1.3 MB │
│ Cache Memory (total/liquid):     1.6 GB / 1.6 GB │
│ Disk (Read/Write):           152.0 KB / 128.0 KB │
└──────────────────────────────────────────────────┘

2025-11-30T13:37:45.923948+08:00[Asia/Shanghai]  INFO liquid_cache_benchmarks::client_runner: client_runner.rs:129 Running query 26
2025-11-30T13:37:45.946917+08:00[Asia/Shanghai]  INFO tpcds_client: tpcds_client.rs:92 Query 26 passed validation
2025-11-30T13:37:46.567843+08:00[Asia/Shanghai]  INFO liquid_cache_benchmarks::client_runner: client_runner.rs:203 
┌──────────────────────────────────────────────────┐
│ Query Time:                                11 ms │
│ Cache CPU:                                  1 ms │
├──────────────────────────────────────────────────┤
│ Network:                                  2.6 MB │
│ Cache Memory (total/liquid):     1.0 GB / 1.0 GB │
│ Disk (Read/Write):              72.0 KB / 1.3 MB │
└──────────────────────────────────────────────────┘

2025-11-30T13:37:46.567956+08:00[Asia/Shanghai]  INFO liquid_cache_benchmarks::client_runner: client_runner.rs:129 Running query 27
2025-11-30T13:37:46.600475+08:00[Asia/Shanghai]  INFO tpcds_client: tpcds_client.rs:92 Query 27 passed validation
2025-11-30T13:37:48.191325+08:00[Asia/Shanghai]  INFO liquid_cache_benchmarks::client_runner: client_runner.rs:203 
┌──────────────────────────────────────────────────┐
│ Query Time:                                20 ms │
│ Cache CPU:                                 11 ms │
├──────────────────────────────────────────────────┤
│ Network:                                 13.9 MB │
│ Cache Memory (total/liquid):     3.0 GB / 3.0 GB │
│ Disk (Read/Write):             8.0 KB / 104.0 KB │
└──────────────────────────────────────────────────┘

2025-11-30T13:37:48.191576+08:00[Asia/Shanghai]  INFO liquid_cache_benchmarks::client_runner: client_runner.rs:129 Running query 28
2025-11-30T13:37:48.220076+08:00[Asia/Shanghai]  INFO tpcds_client: tpcds_client.rs:92 Query 28 passed validation
2025-11-30T13:37:48.932177+08:00[Asia/Shanghai]  INFO liquid_cache_benchmarks::client_runner: client_runner.rs:203 
┌──────────────────────────────────────────────────┐
│ Query Time:                                14 ms │
│ Cache CPU:                                 12 ms │
├──────────────────────────────────────────────────┤
│ Network:                                646.9 KB │
│ Cache Memory (total/liquid):     1.2 GB / 1.2 GB │
│ Disk (Read/Write):             8.0 KB / 200.0 KB │
└──────────────────────────────────────────────────┘

2025-11-30T13:37:48.932279+08:00[Asia/Shanghai]  INFO liquid_cache_benchmarks::client_runner: client_runner.rs:129 Running query 29
2025-11-30T13:37:48.961879+08:00[Asia/Shanghai]  INFO tpcds_client: tpcds_client.rs:92 Query 29 passed validation
2025-11-30T13:37:49.847197+08:00[Asia/Shanghai]  INFO liquid_cache_benchmarks::client_runner: client_runner.rs:203 
┌──────────────────────────────────────────────────┐
│ Query Time:                                18 ms │
│ Cache CPU:                                  2 ms │
├──────────────────────────────────────────────────┤
│ Network:                                  3.4 MB │
│ Cache Memory (total/liquid):     1.6 GB / 1.6 GB │
│ Disk (Read/Write):               8.0 KB / 8.0 KB │
└──────────────────────────────────────────────────┘

2025-11-30T13:37:49.847361+08:00[Asia/Shanghai]  INFO liquid_cache_benchmarks::client_runner: client_runner.rs:129 Running query 30
2025-11-30T13:37:49.871075+08:00[Asia/Shanghai]  INFO tpcds_client: tpcds_client.rs:92 Query 30 passed validation
2025-11-30T13:37:50.800795+08:00[Asia/Shanghai]  INFO liquid_cache_benchmarks::client_runner: client_runner.rs:203 
┌──────────────────────────────────────────────────┐
│ Query Time:                                12 ms │
│ Cache CPU:                                  0 ms │
├──────────────────────────────────────────────────┤
│ Network:                                  1.7 MB │
│ Cache Memory (total/liquid):     1.6 GB / 1.6 GB │
│ Disk (Read/Write):             72.0 KB / 16.0 KB │
└──────────────────────────────────────────────────┘

2025-11-30T13:37:50.801020+08:00[Asia/Shanghai]  INFO liquid_cache_benchmarks::client_runner: client_runner.rs:129 Running query 32
2025-11-30T13:37:50.824222+08:00[Asia/Shanghai]  INFO tpcds_client: tpcds_client.rs:92 Query 32 passed validation
2025-11-30T13:37:51.424734+08:00[Asia/Shanghai]  INFO liquid_cache_benchmarks::client_runner: client_runner.rs:203 
┌──────────────────────────────────────────────────┐
│ Query Time:                                11 ms │
│ Cache CPU:                                  0 ms │
├──────────────────────────────────────────────────┤
│ Network:                                  4.7 MB │
│ Cache Memory (total/liquid):     1.0 GB / 1.0 GB │
│ Disk (Read/Write):           104.0 KB / 104.0 KB │
└──────────────────────────────────────────────────┘

2025-11-30T13:37:51.424856+08:00[Asia/Shanghai]  INFO liquid_cache_benchmarks::client_runner: client_runner.rs:129 Running query 33
2025-11-30T13:37:51.449548+08:00[Asia/Shanghai]  INFO tpcds_client: tpcds_client.rs:92 Query 33 passed validation
2025-11-30T13:37:53.077973+08:00[Asia/Shanghai]  INFO liquid_cache_benchmarks::client_runner: client_runner.rs:203 
┌──────────────────────────────────────────────────┐
│ Query Time:                                13 ms │
│ Cache CPU:                                  0 ms │
├──────────────────────────────────────────────────┤
│ Network:                                499.0 KB │
│ Cache Memory (total/liquid):     3.0 GB / 3.0 GB │
│ Disk (Read/Write):                  8.0 KB / 0 B │
└──────────────────────────────────────────────────┘

2025-11-30T13:37:53.078188+08:00[Asia/Shanghai]  INFO liquid_cache_benchmarks::client_runner: client_runner.rs:129 Running query 34
2025-11-30T13:37:53.106534+08:00[Asia/Shanghai]  INFO tpcds_client: tpcds_client.rs:92 Query 34 passed validation
2025-11-30T13:37:53.715018+08:00[Asia/Shanghai]  INFO liquid_cache_benchmarks::client_runner: client_runner.rs:203 
┌──────────────────────────────────────────────────┐
│ Query Time:                                17 ms │
│ Cache CPU:                                  2 ms │
├──────────────────────────────────────────────────┤
│ Network:                                  4.4 MB │
│ Cache Memory (total/liquid):     1.0 GB / 1.0 GB │
│ Disk (Read/Write):              88.0 KB / 8.0 KB │
└──────────────────────────────────────────────────┘

2025-11-30T13:37:53.715151+08:00[Asia/Shanghai]  INFO liquid_cache_benchmarks::client_runner: client_runner.rs:129 Running query 35
2025-11-30T13:37:53.755678+08:00[Asia/Shanghai]  INFO tpcds_client: tpcds_client.rs:92 Query 35 passed validation
2025-11-30T13:37:54.796756+08:00[Asia/Shanghai]  INFO liquid_cache_benchmarks::client_runner: client_runner.rs:203 
┌──────────────────────────────────────────────────┐
│ Query Time:                                28 ms │
│ Cache CPU:                                  0 ms │
├──────────────────────────────────────────────────┤
│ Network:                                  8.7 MB │
│ Cache Memory (total/liquid):     1.8 GB / 1.8 GB │
│ Disk (Read/Write):           360.0 KB / 128.0 KB │
└──────────────────────────────────────────────────┘

2025-11-30T13:37:54.796915+08:00[Asia/Shanghai]  INFO liquid_cache_benchmarks::client_runner: client_runner.rs:129 Running query 36
2025-11-30T13:37:54.832565+08:00[Asia/Shanghai]  INFO tpcds_client: tpcds_client.rs:92 Query 36 passed validation
2025-11-30T13:37:56.143954+08:00[Asia/Shanghai]  INFO liquid_cache_benchmarks::client_runner: client_runner.rs:203 
┌──────────────────────────────────────────────────┐
│ Query Time:                                23 ms │
│ Cache CPU:                                  3 ms │
├──────────────────────────────────────────────────┤
│ Network:                                  9.2 MB │
│ Cache Memory (total/liquid):     2.4 GB / 2.4 GB │
│ Disk (Read/Write):             80.0 KB / 16.0 KB │
└──────────────────────────────────────────────────┘

2025-11-30T13:37:56.144210+08:00[Asia/Shanghai]  INFO liquid_cache_benchmarks::client_runner: client_runner.rs:129 Running query 38
2025-11-30T13:37:56.186384+08:00[Asia/Shanghai]  INFO tpcds_client: tpcds_client.rs:92 Query 38 passed validation
2025-11-30T13:37:57.216755+08:00[Asia/Shanghai]  INFO liquid_cache_benchmarks::client_runner: client_runner.rs:203 
┌──────────────────────────────────────────────────┐
│ Query Time:                                15 ms │
│ Cache CPU:                                  0 ms │
├──────────────────────────────────────────────────┤
│ Network:                                  2.5 MB │
│ Cache Memory (total/liquid):     1.8 GB / 1.8 GB │
│ Disk (Read/Write):             112.0 KB / 8.0 KB │
└──────────────────────────────────────────────────┘

2025-11-30T13:37:57.216957+08:00[Asia/Shanghai]  INFO liquid_cache_benchmarks::client_runner: client_runner.rs:129 Running query 39
2025-11-30T13:37:57.243389+08:00[Asia/Shanghai]  INFO tpcds_client: tpcds_client.rs:92 Query 39 passed validation
2025-11-30T13:37:58.139842+08:00[Asia/Shanghai]  INFO liquid_cache_benchmarks::client_runner: client_runner.rs:203 
┌──────────────────────────────────────────────────┐
│ Query Time:                                14 ms │
│ Cache CPU:                                  0 ms │
├──────────────────────────────────────────────────┤
│ Network:                                376.3 KB │
│ Cache Memory (total/liquid):     1.6 GB / 1.6 GB │
│ Disk (Read/Write):              32.0 KB / 1.6 MB │
└──────────────────────────────────────────────────┘

2025-11-30T13:37:58.140032+08:00[Asia/Shanghai]  INFO liquid_cache_benchmarks::client_runner: client_runner.rs:129 Running query 40
2025-11-30T13:37:58.165784+08:00[Asia/Shanghai]  INFO tpcds_client: tpcds_client.rs:92 Query 40 passed validation
2025-11-30T13:37:58.760912+08:00[Asia/Shanghai]  INFO liquid_cache_benchmarks::client_runner: client_runner.rs:203 
┌──────────────────────────────────────────────────┐
│ Query Time:                                12 ms │
│ Cache CPU:                                  0 ms │
├──────────────────────────────────────────────────┤
│ Network:                                  7.3 MB │
│ Cache Memory (total/liquid):     1.0 GB / 1.0 GB │
│ Disk (Read/Write):                  8.0 KB / 0 B │
└──────────────────────────────────────────────────┘

2025-11-30T13:37:58.761027+08:00[Asia/Shanghai]  INFO liquid_cache_benchmarks::client_runner: client_runner.rs:129 Running query 41
2025-11-30T13:37:58.778297+08:00[Asia/Shanghai]  INFO tpcds_client: tpcds_client.rs:92 Query 41 passed validation
2025-11-30T13:37:59.079799+08:00[Asia/Shanghai]  INFO liquid_cache_benchmarks::client_runner: client_runner.rs:203 
┌──────────────────────────────────────────────────┐
│ Query Time:                                 6 ms │
│ Cache CPU:                                  0 ms │
├──────────────────────────────────────────────────┤
│ Network:                                141.3 KB │
│ Cache Memory (total/liquid): 413.2 MB / 413.2 MB │
│ Disk (Read/Write):                 40.0 KB / 0 B │
└──────────────────────────────────────────────────┘

2025-11-30T13:37:59.079898+08:00[Asia/Shanghai]  INFO liquid_cache_benchmarks::client_runner: client_runner.rs:129 Running query 42
2025-11-30T13:37:59.096675+08:00[Asia/Shanghai]  INFO tpcds_client: tpcds_client.rs:92 Query 42 passed validation
2025-11-30T13:37:59.501056+08:00[Asia/Shanghai]  INFO liquid_cache_benchmarks::client_runner: client_runner.rs:203 
┌──────────────────────────────────────────────────┐
│ Query Time:                                 5 ms │
│ Cache CPU:                                  0 ms │
├──────────────────────────────────────────────────┤
│ Network:                                336.5 KB │
│ Cache Memory (total/liquid): 619.8 MB / 619.8 MB │
│ Disk (Read/Write):                  8.0 KB / 0 B │
└──────────────────────────────────────────────────┘

2025-11-30T13:37:59.501147+08:00[Asia/Shanghai]  INFO liquid_cache_benchmarks::client_runner: client_runner.rs:129 Running query 43
2025-11-30T13:37:59.524302+08:00[Asia/Shanghai]  INFO tpcds_client: tpcds_client.rs:92 Query 43 passed validation
2025-11-30T13:37:59.922038+08:00[Asia/Shanghai]  INFO liquid_cache_benchmarks::client_runner: client_runner.rs:203 
┌──────────────────────────────────────────────────┐
│ Query Time:                                11 ms │
│ Cache CPU:                                  1 ms │
├──────────────────────────────────────────────────┤
│ Network:                                  1.8 MB │
│ Cache Memory (total/liquid): 619.8 MB / 619.8 MB │
│ Disk (Read/Write):            304.0 KB / 16.0 KB │
└──────────────────────────────────────────────────┘

2025-11-30T13:37:59.922141+08:00[Asia/Shanghai]  INFO liquid_cache_benchmarks::client_runner: client_runner.rs:129 Running query 44
2025-11-30T13:37:59.946261+08:00[Asia/Shanghai]  INFO tpcds_client: tpcds_client.rs:92 Query 44 passed validation
2025-11-30T13:38:00.642366+08:00[Asia/Shanghai]  INFO liquid_cache_benchmarks::client_runner: client_runner.rs:203 
┌──────────────────────────────────────────────────┐
│ Query Time:                                13 ms │
│ Cache CPU:                                  0 ms │
├──────────────────────────────────────────────────┤
│ Network:                                270.0 KB │
│ Cache Memory (total/liquid):     1.2 GB / 1.2 GB │
│ Disk (Read/Write):            160.0 KB / 32.0 KB │
└──────────────────────────────────────────────────┘

2025-11-30T13:38:00.642580+08:00[Asia/Shanghai]  INFO liquid_cache_benchmarks::client_runner: client_runner.rs:129 Running query 46
2025-11-30T13:38:00.670547+08:00[Asia/Shanghai]  INFO tpcds_client: tpcds_client.rs:92 Query 46 passed validation
2025-11-30T13:38:01.464334+08:00[Asia/Shanghai]  INFO liquid_cache_benchmarks::client_runner: client_runner.rs:203 
┌──────────────────────────────────────────────────┐
│ Query Time:                                15 ms │
│ Cache CPU:                                  4 ms │
├──────────────────────────────────────────────────┤
│ Network:                                 11.1 MB │
│ Cache Memory (total/liquid):     1.4 GB / 1.4 GB │
│ Disk (Read/Write):             520.0 KB / 1.9 MB │
└──────────────────────────────────────────────────┘

2025-11-30T13:38:01.464477+08:00[Asia/Shanghai]  INFO liquid_cache_benchmarks::client_runner: client_runner.rs:129 Running query 47
2025-11-30T13:38:01.534844+08:00[Asia/Shanghai]  INFO tpcds_client: tpcds_client.rs:92 Query 47 passed validation
2025-11-30T13:38:02.821103+08:00[Asia/Shanghai]  INFO liquid_cache_benchmarks::client_runner: client_runner.rs:203 
┌──────────────────────────────────────────────────┐
│ Query Time:                                58 ms │
│ Cache CPU:                                  0 ms │
├──────────────────────────────────────────────────┤
│ Network:                                  8.0 MB │
│ Cache Memory (total/liquid):     2.4 GB / 2.4 GB │
│ Disk (Read/Write):           168.0 KB / 232.0 KB │
└──────────────────────────────────────────────────┘

2025-11-30T13:38:02.821408+08:00[Asia/Shanghai]  INFO liquid_cache_benchmarks::client_runner: client_runner.rs:129 Running query 48
2025-11-30T13:38:02.849195+08:00[Asia/Shanghai]  INFO tpcds_client: tpcds_client.rs:92 Query 48 passed validation
2025-11-30T13:38:03.445521+08:00[Asia/Shanghai]  INFO liquid_cache_benchmarks::client_runner: client_runner.rs:203 
┌──────────────────────────────────────────────────┐
│ Query Time:                                16 ms │
│ Cache CPU:                                  7 ms │
├──────────────────────────────────────────────────┤
│ Network:                                  1.2 MB │
│ Cache Memory (total/liquid):     1.0 GB / 1.0 GB │
│ Disk (Read/Write):             2.1 MB / 184.0 KB │
└──────────────────────────────────────────────────┘

2025-11-30T13:38:03.445629+08:00[Asia/Shanghai]  INFO liquid_cache_benchmarks::client_runner: client_runner.rs:129 Running query 49
2025-11-30T13:38:03.478362+08:00[Asia/Shanghai]  INFO tpcds_client: tpcds_client.rs:92 Query 49 passed validation
2025-11-30T13:38:04.462971+08:00[Asia/Shanghai]  INFO liquid_cache_benchmarks::client_runner: client_runner.rs:203 
┌──────────────────────────────────────────────────┐
│ Query Time:                                20 ms │
│ Cache CPU:                                  3 ms │
├──────────────────────────────────────────────────┤
│ Network:                                  9.3 MB │
│ Cache Memory (total/liquid):     1.8 GB / 1.8 GB │
│ Disk (Read/Write):                  8.0 KB / 0 B │
└──────────────────────────────────────────────────┘

2025-11-30T13:38:04.463199+08:00[Asia/Shanghai]  INFO liquid_cache_benchmarks::client_runner: client_runner.rs:129 Running query 50
2025-11-30T13:38:04.493698+08:00[Asia/Shanghai]  INFO tpcds_client: tpcds_client.rs:92 Query 50 passed validation
2025-11-30T13:38:05.083048+08:00[Asia/Shanghai]  INFO liquid_cache_benchmarks::client_runner: client_runner.rs:203 
┌──────────────────────────────────────────────────┐
│ Query Time:                                18 ms │
│ Cache CPU:                                  8 ms │
├──────────────────────────────────────────────────┤
│ Network:                                 10.9 MB │
│ Cache Memory (total/liquid):     1.0 GB / 1.0 GB │
│ Disk (Read/Write):             80.0 KB / 11.2 MB │
└──────────────────────────────────────────────────┘

2025-11-30T13:38:05.083214+08:00[Asia/Shanghai]  INFO liquid_cache_benchmarks::client_runner: client_runner.rs:129 Running query 51
2025-11-30T13:38:05.115539+08:00[Asia/Shanghai]  INFO tpcds_client: tpcds_client.rs:92 Query 51 passed validation
2025-11-30T13:38:05.611882+08:00[Asia/Shanghai]  INFO liquid_cache_benchmarks::client_runner: client_runner.rs:203 
┌──────────────────────────────────────────────────┐
│ Query Time:                                20 ms │
│ Cache CPU:                                  0 ms │
├──────────────────────────────────────────────────┤
│ Network:                                  2.3 MB │
│ Cache Memory (total/liquid): 826.4 MB / 826.4 MB │
│ Disk (Read/Write):            16.0 KB / 328.0 KB │
└──────────────────────────────────────────────────┘

2025-11-30T13:38:05.612057+08:00[Asia/Shanghai]  INFO liquid_cache_benchmarks::client_runner: client_runner.rs:129 Running query 52
2025-11-30T13:38:05.628949+08:00[Asia/Shanghai]  INFO tpcds_client: tpcds_client.rs:92 Query 52 passed validation
2025-11-30T13:38:06.021963+08:00[Asia/Shanghai]  INFO liquid_cache_benchmarks::client_runner: client_runner.rs:203 
┌──────────────────────────────────────────────────┐
│ Query Time:                                 5 ms │
│ Cache CPU:                                  0 ms │
├──────────────────────────────────────────────────┤
│ Network:                                336.4 KB │
│ Cache Memory (total/liquid): 619.8 MB / 619.8 MB │
│ Disk (Read/Write):                  8.0 KB / 0 B │
└──────────────────────────────────────────────────┘

2025-11-30T13:38:06.022051+08:00[Asia/Shanghai]  INFO liquid_cache_benchmarks::client_runner: client_runner.rs:129 Running query 55
2025-11-30T13:38:06.040736+08:00[Asia/Shanghai]  INFO tpcds_client: tpcds_client.rs:92 Query 55 passed validation
2025-11-30T13:38:06.436669+08:00[Asia/Shanghai]  INFO liquid_cache_benchmarks::client_runner: client_runner.rs:203 
┌──────────────────────────────────────────────────┐
│ Query Time:                                 7 ms │
│ Cache CPU:                                  0 ms │
├──────────────────────────────────────────────────┤
│ Network:                                333.7 KB │
│ Cache Memory (total/liquid): 619.8 MB / 619.8 MB │
│ Disk (Read/Write):               8.0 KB / 8.0 KB │
└──────────────────────────────────────────────────┘

2025-11-30T13:38:06.436773+08:00[Asia/Shanghai]  INFO liquid_cache_benchmarks::client_runner: client_runner.rs:129 Running query 56
2025-11-30T13:38:06.461931+08:00[Asia/Shanghai]  INFO tpcds_client: tpcds_client.rs:92 Query 56 passed validation
2025-11-30T13:38:08.039197+08:00[Asia/Shanghai]  INFO liquid_cache_benchmarks::client_runner: client_runner.rs:203 
┌──────────────────────────────────────────────────┐
│ Query Time:                                13 ms │
│ Cache CPU:                                  0 ms │
├──────────────────────────────────────────────────┤
│ Network:                                542.2 KB │
│ Cache Memory (total/liquid):     3.0 GB / 3.0 GB │
│ Disk (Read/Write):                  8.0 KB / 0 B │
└──────────────────────────────────────────────────┘

2025-11-30T13:38:08.039405+08:00[Asia/Shanghai]  INFO liquid_cache_benchmarks::client_runner: client_runner.rs:129 Running query 57
2025-11-30T13:38:08.090257+08:00[Asia/Shanghai]  INFO tpcds_client: tpcds_client.rs:92 Query 57 passed validation
2025-11-30T13:38:09.376148+08:00[Asia/Shanghai]  INFO liquid_cache_benchmarks::client_runner: client_runner.rs:203 
┌──────────────────────────────────────────────────┐
│ Query Time:                                38 ms │
│ Cache CPU:                                  0 ms │
├──────────────────────────────────────────────────┤
│ Network:                                  4.5 MB │
│ Cache Memory (total/liquid):     2.4 GB / 2.4 GB │
│ Disk (Read/Write):                144.0 KB / 0 B │
└──────────────────────────────────────────────────┘

2025-11-30T13:38:09.376999+08:00[Asia/Shanghai]  INFO liquid_cache_benchmarks::client_runner: client_runner.rs:129 Running query 58
2025-11-30T13:38:09.429853+08:00[Asia/Shanghai]  INFO tpcds_client: tpcds_client.rs:92 Query 58 passed validation
2025-11-30T13:38:11.025725+08:00[Asia/Shanghai]  INFO liquid_cache_benchmarks::client_runner: client_runner.rs:203 
┌──────────────────────────────────────────────────┐
│ Query Time:                                40 ms │
│ Cache CPU:                                  2 ms │
├──────────────────────────────────────────────────┤
│ Network:                                 17.5 MB │
│ Cache Memory (total/liquid):     3.0 GB / 3.0 GB │
│ Disk (Read/Write):             80.0 KB / 32.0 KB │
└──────────────────────────────────────────────────┘

2025-11-30T13:38:11.025989+08:00[Asia/Shanghai]  INFO liquid_cache_benchmarks::client_runner: client_runner.rs:129 Running query 59
2025-11-30T13:38:11.066766+08:00[Asia/Shanghai]  INFO tpcds_client: tpcds_client.rs:92 Query 59 passed validation
2025-11-30T13:38:11.975679+08:00[Asia/Shanghai]  INFO liquid_cache_benchmarks::client_runner: client_runner.rs:203 
┌──────────────────────────────────────────────────┐
│ Query Time:                                29 ms │
│ Cache CPU:                                  3 ms │
├──────────────────────────────────────────────────┤
│ Network:                                 21.3 MB │
│ Cache Memory (total/liquid):     1.6 GB / 1.6 GB │
│ Disk (Read/Write):              8.0 KB / 24.0 KB │
└──────────────────────────────────────────────────┘

2025-11-30T13:38:11.975887+08:00[Asia/Shanghai]  INFO liquid_cache_benchmarks::client_runner: client_runner.rs:129 Running query 60
2025-11-30T13:38:12.000579+08:00[Asia/Shanghai]  INFO tpcds_client: tpcds_client.rs:92 Query 60 passed validation
2025-11-30T13:38:13.580837+08:00[Asia/Shanghai]  INFO liquid_cache_benchmarks::client_runner: client_runner.rs:203 
┌──────────────────────────────────────────────────┐
│ Query Time:                                13 ms │
│ Cache CPU:                                  0 ms │
├──────────────────────────────────────────────────┤
│ Network:                                842.3 KB │
│ Cache Memory (total/liquid):     3.0 GB / 3.0 GB │
│ Disk (Read/Write):                 32.0 KB / 0 B │
└──────────────────────────────────────────────────┘

2025-11-30T13:38:13.581056+08:00[Asia/Shanghai]  INFO liquid_cache_benchmarks::client_runner: client_runner.rs:129 Running query 61
2025-11-30T13:38:13.608446+08:00[Asia/Shanghai]  INFO tpcds_client: tpcds_client.rs:92 Query 61 passed validation
2025-11-30T13:38:14.995814+08:00[Asia/Shanghai]  INFO liquid_cache_benchmarks::client_runner: client_runner.rs:203 
┌──────────────────────────────────────────────────┐
│ Query Time:                                14 ms │
│ Cache CPU:                                  2 ms │
├──────────────────────────────────────────────────┤
│ Network:                                  1.4 MB │
│ Cache Memory (total/liquid):     2.6 GB / 2.6 GB │
│ Disk (Read/Write):                264.0 KB / 0 B │
└──────────────────────────────────────────────────┘

2025-11-30T13:38:14.995986+08:00[Asia/Shanghai]  INFO liquid_cache_benchmarks::client_runner: client_runner.rs:129 Running query 62
2025-11-30T13:38:15.017999+08:00[Asia/Shanghai]  INFO tpcds_client: tpcds_client.rs:92 Query 62 passed validation
2025-11-30T13:38:15.610764+08:00[Asia/Shanghai]  INFO liquid_cache_benchmarks::client_runner: client_runner.rs:203 
┌──────────────────────────────────────────────────┐
│ Query Time:                                 9 ms │
│ Cache CPU:                                  0 ms │
├──────────────────────────────────────────────────┤
│ Network:                                685.8 KB │
│ Cache Memory (total/liquid):     1.0 GB / 1.0 GB │
│ Disk (Read/Write):              8.0 KB / 16.0 KB │
└──────────────────────────────────────────────────┘

2025-11-30T13:38:15.610902+08:00[Asia/Shanghai]  INFO liquid_cache_benchmarks::client_runner: client_runner.rs:129 Running query 65
2025-11-30T13:38:15.638999+08:00[Asia/Shanghai]  INFO tpcds_client: tpcds_client.rs:92 Query 65 passed validation
2025-11-30T13:38:16.337758+08:00[Asia/Shanghai]  INFO liquid_cache_benchmarks::client_runner: client_runner.rs:203 
┌──────────────────────────────────────────────────┐
│ Query Time:                                16 ms │
│ Cache CPU:                                  0 ms │
├──────────────────────────────────────────────────┤
│ Network:                                  4.7 MB │
│ Cache Memory (total/liquid):     1.2 GB / 1.2 GB │
│ Disk (Read/Write):                  8.0 KB / 0 B │
└──────────────────────────────────────────────────┘

2025-11-30T13:38:16.337923+08:00[Asia/Shanghai]  INFO liquid_cache_benchmarks::client_runner: client_runner.rs:129 Running query 66
2025-11-30T13:38:16.376019+08:00[Asia/Shanghai]  INFO tpcds_client: tpcds_client.rs:92 Query 66 passed validation
2025-11-30T13:38:17.462565+08:00[Asia/Shanghai]  INFO liquid_cache_benchmarks::client_runner: client_runner.rs:203 
┌──────────────────────────────────────────────────┐
│ Query Time:                                25 ms │
│ Cache CPU:                                  1 ms │
├──────────────────────────────────────────────────┤
│ Network:                                  2.0 MB │
│ Cache Memory (total/liquid):     2.0 GB / 2.0 GB │
│ Disk (Read/Write):            136.0 KB / 72.0 KB │
└──────────────────────────────────────────────────┘

2025-11-30T13:38:17.462800+08:00[Asia/Shanghai]  INFO liquid_cache_benchmarks::client_runner: client_runner.rs:129 Running query 67
2025-11-30T13:38:17.518184+08:00[Asia/Shanghai]  INFO tpcds_client: tpcds_client.rs:92 Query 67 passed validation
2025-11-30T13:38:18.012529+08:00[Asia/Shanghai]  INFO liquid_cache_benchmarks::client_runner: client_runner.rs:203 
┌──────────────────────────────────────────────────┐
│ Query Time:                                43 ms │
│ Cache CPU:                                  1 ms │
├──────────────────────────────────────────────────┤
│ Network:                                  2.8 MB │
│ Cache Memory (total/liquid): 826.4 MB / 826.4 MB │
│ Disk (Read/Write):            320.0 KB / 24.0 KB │
└──────────────────────────────────────────────────┘

2025-11-30T13:38:18.012672+08:00[Asia/Shanghai]  INFO liquid_cache_benchmarks::client_runner: client_runner.rs:129 Running query 68
2025-11-30T13:38:18.041733+08:00[Asia/Shanghai]  INFO tpcds_client: tpcds_client.rs:92 Query 68 passed validation
2025-11-30T13:38:18.833902+08:00[Asia/Shanghai]  INFO liquid_cache_benchmarks::client_runner: client_runner.rs:203 
┌──────────────────────────────────────────────────┐
│ Query Time:                                16 ms │
│ Cache CPU:                                  4 ms │
├──────────────────────────────────────────────────┤
│ Network:                                 12.5 MB │
│ Cache Memory (total/liquid):     1.4 GB / 1.4 GB │
│ Disk (Read/Write):                 72.0 KB / 0 B │
└──────────────────────────────────────────────────┘

2025-11-30T13:38:18.834046+08:00[Asia/Shanghai]  INFO liquid_cache_benchmarks::client_runner: client_runner.rs:129 Running query 69
2025-11-30T13:38:18.864636+08:00[Asia/Shanghai]  INFO tpcds_client: tpcds_client.rs:92 Query 69 passed validation
2025-11-30T13:38:19.872755+08:00[Asia/Shanghai]  INFO liquid_cache_benchmarks::client_runner: client_runner.rs:203 
┌──────────────────────────────────────────────────┐
│ Query Time:                                19 ms │
│ Cache CPU:                                  0 ms │
├──────────────────────────────────────────────────┤
│ Network:                                 10.1 MB │
│ Cache Memory (total/liquid):     1.8 GB / 1.8 GB │
│ Disk (Read/Write):                 16.0 KB / 0 B │
└──────────────────────────────────────────────────┘

2025-11-30T13:38:19.872909+08:00[Asia/Shanghai]  INFO liquid_cache_benchmarks::client_runner: client_runner.rs:129 Running query 70
2025-11-30T13:38:19.903963+08:00[Asia/Shanghai]  INFO tpcds_client: tpcds_client.rs:92 Query 70 passed validation
2025-11-30T13:38:20.599098+08:00[Asia/Shanghai]  INFO liquid_cache_benchmarks::client_runner: client_runner.rs:203 
┌──────────────────────────────────────────────────┐
│ Query Time:                                19 ms │
│ Cache CPU:                                  2 ms │
├──────────────────────────────────────────────────┤
│ Network:                                  3.5 MB │
│ Cache Memory (total/liquid):     1.2 GB / 1.2 GB │
│ Disk (Read/Write):              32.0 KB / 1.6 MB │
└──────────────────────────────────────────────────┘

2025-11-30T13:38:20.599259+08:00[Asia/Shanghai]  INFO liquid_cache_benchmarks::client_runner: client_runner.rs:129 Running query 71
2025-11-30T13:38:20.622919+08:00[Asia/Shanghai]  INFO tpcds_client: tpcds_client.rs:92 Query 71 passed validation
2025-11-30T13:38:21.526052+08:00[Asia/Shanghai]  INFO liquid_cache_benchmarks::client_runner: client_runner.rs:203 
┌──────────────────────────────────────────────────┐
│ Query Time:                                12 ms │
│ Cache CPU:                                  0 ms │
├──────────────────────────────────────────────────┤
│ Network:                                  1.4 MB │
│ Cache Memory (total/liquid):     1.6 GB / 1.6 GB │
│ Disk (Read/Write):           216.0 KB / 112.0 KB │
└──────────────────────────────────────────────────┘

2025-11-30T13:38:21.526222+08:00[Asia/Shanghai]  INFO liquid_cache_benchmarks::client_runner: client_runner.rs:129 Running query 74
2025-11-30T13:38:21.570083+08:00[Asia/Shanghai]  INFO tpcds_client: tpcds_client.rs:92 Query 74 passed validation
2025-11-30T13:38:22.854751+08:00[Asia/Shanghai]  INFO liquid_cache_benchmarks::client_runner: client_runner.rs:203 
┌──────────────────────────────────────────────────┐
│ Query Time:                                32 ms │
│ Cache CPU:                                  2 ms │
├──────────────────────────────────────────────────┤
│ Network:                                  6.5 MB │
│ Cache Memory (total/liquid):     2.4 GB / 2.4 GB │
│ Disk (Read/Write):             712.0 KB / 1.5 MB │
└──────────────────────────────────────────────────┘

2025-11-30T13:38:22.855032+08:00[Asia/Shanghai]  INFO liquid_cache_benchmarks::client_runner: client_runner.rs:129 Running query 75
2025-11-30T13:38:22.903592+08:00[Asia/Shanghai]  INFO tpcds_client: tpcds_client.rs:92 Query 75 passed validation
2025-11-30T13:38:25.397520+08:00[Asia/Shanghai]  INFO liquid_cache_benchmarks::client_runner: client_runner.rs:203 
┌──────────────────────────────────────────────────┐
│ Query Time:                                36 ms │
│ Cache CPU:                                  3 ms │
├──────────────────────────────────────────────────┤
│ Network:                                 13.3 MB │
│ Cache Memory (total/liquid):     4.8 GB / 4.8 GB │
│ Disk (Read/Write):            536.0 KB / 16.0 KB │
└──────────────────────────────────────────────────┘

2025-11-30T13:38:25.397914+08:00[Asia/Shanghai]  INFO liquid_cache_benchmarks::client_runner: client_runner.rs:129 Running query 76
2025-11-30T13:38:25.423692+08:00[Asia/Shanghai]  INFO tpcds_client: tpcds_client.rs:92 Query 76 passed validation
2025-11-30T13:38:26.414438+08:00[Asia/Shanghai]  INFO liquid_cache_benchmarks::client_runner: client_runner.rs:203 
┌──────────────────────────────────────────────────┐
│ Query Time:                                14 ms │
│ Cache CPU:                                  1 ms │
├──────────────────────────────────────────────────┤
│ Network:                                938.9 KB │
│ Cache Memory (total/liquid):     1.8 GB / 1.8 GB │
│ Disk (Read/Write):           112.0 KB / 600.0 KB │
└──────────────────────────────────────────────────┘

2025-11-30T13:38:26.414613+08:00[Asia/Shanghai]  INFO liquid_cache_benchmarks::client_runner: client_runner.rs:129 Running query 77
2025-11-30T13:38:26.447908+08:00[Asia/Shanghai]  INFO tpcds_client: tpcds_client.rs:92 Query 77 passed validation
2025-11-30T13:38:28.245399+08:00[Asia/Shanghai]  INFO liquid_cache_benchmarks::client_runner: client_runner.rs:203 
┌──────────────────────────────────────────────────┐
│ Query Time:                                21 ms │
│ Cache CPU:                                  0 ms │
├──────────────────────────────────────────────────┤
│ Network:                                824.4 KB │
│ Cache Memory (total/liquid):     3.2 GB / 3.2 GB │
│ Disk (Read/Write):           336.0 KB / 168.0 KB │
└──────────────────────────────────────────────────┘

2025-11-30T13:38:28.245781+08:00[Asia/Shanghai]  INFO liquid_cache_benchmarks::client_runner: client_runner.rs:129 Running query 78
2025-11-30T13:38:28.345754+08:00[Asia/Shanghai]  INFO tpcds_client: tpcds_client.rs:92 Query 78 passed validation
2025-11-30T13:38:29.790325+08:00[Asia/Shanghai]  INFO liquid_cache_benchmarks::client_runner: client_runner.rs:203 
┌──────────────────────────────────────────────────┐
│ Query Time:                                78 ms │
│ Cache CPU:                                  1 ms │
├──────────────────────────────────────────────────┤
│ Network:                                 38.0 MB │
│ Cache Memory (total/liquid):     1.8 GB / 1.8 GB │
│ Disk (Read/Write):           124.0 KB / 556.0 KB │
└──────────────────────────────────────────────────┘

2025-11-30T13:38:29.791480+08:00[Asia/Shanghai]  INFO liquid_cache_benchmarks::client_runner: client_runner.rs:129 Running query 79
2025-11-30T13:38:29.894522+08:00[Asia/Shanghai]  INFO tpcds_client: tpcds_client.rs:92 Query 79 passed validation
2025-11-30T13:38:30.680109+08:00[Asia/Shanghai]  INFO liquid_cache_benchmarks::client_runner: client_runner.rs:203 
┌──────────────────────────────────────────────────┐
│ Query Time:                                67 ms │
│ Cache CPU:                                 10 ms │
├──────────────────────────────────────────────────┤
│ Network:                                 11.3 MB │
│ Cache Memory (total/liquid):     1.0 GB / 1.0 GB │
│ Disk (Read/Write):             364.0 KB / 4.4 MB │
└──────────────────────────────────────────────────┘

2025-11-30T13:38:30.680924+08:00[Asia/Shanghai]  INFO liquid_cache_benchmarks::client_runner: client_runner.rs:129 Running query 80
2025-11-30T13:38:30.734272+08:00[Asia/Shanghai]  INFO tpcds_client: tpcds_client.rs:92 Query 80 passed validation
2025-11-30T13:38:32.788213+08:00[Asia/Shanghai]  INFO liquid_cache_benchmarks::client_runner: client_runner.rs:203 
┌──────────────────────────────────────────────────┐
│ Query Time:                                39 ms │
│ Cache CPU:                                  0 ms │
├──────────────────────────────────────────────────┤
│ Network:                                 38.3 MB │
│ Cache Memory (total/liquid):     3.6 GB / 3.6 GB │
│ Disk (Read/Write):             408.0 KB / 5.4 MB │
└──────────────────────────────────────────────────┘

2025-11-30T13:38:32.788498+08:00[Asia/Shanghai]  INFO liquid_cache_benchmarks::client_runner: client_runner.rs:129 Running query 83
2025-11-30T13:38:32.821664+08:00[Asia/Shanghai]  INFO tpcds_client: tpcds_client.rs:92 Query 83 passed validation
2025-11-30T13:38:34.459720+08:00[Asia/Shanghai]  INFO liquid_cache_benchmarks::client_runner: client_runner.rs:203 
┌──────────────────────────────────────────────────┐
│ Query Time:                                20 ms │
│ Cache CPU:                                  0 ms │
├──────────────────────────────────────────────────┤
│ Network:                                  4.6 MB │
│ Cache Memory (total/liquid):     3.0 GB / 3.0 GB │
│ Disk (Read/Write):            544.0 KB / 72.0 KB │
└──────────────────────────────────────────────────┘

2025-11-30T13:38:34.459963+08:00[Asia/Shanghai]  INFO liquid_cache_benchmarks::client_runner: client_runner.rs:129 Running query 84
2025-11-30T13:38:34.487039+08:00[Asia/Shanghai]  INFO tpcds_client: tpcds_client.rs:92 Query 84 passed validation
2025-11-30T13:38:35.197047+08:00[Asia/Shanghai]  INFO liquid_cache_benchmarks::client_runner: client_runner.rs:203 
┌──────────────────────────────────────────────────┐
│ Query Time:                                15 ms │
│ Cache CPU:                                  0 ms │
├──────────────────────────────────────────────────┤
│ Network:                                  2.5 MB │
│ Cache Memory (total/liquid):     1.2 GB / 1.2 GB │
│ Disk (Read/Write):              1.2 MB / 11.1 MB │
└──────────────────────────────────────────────────┘

2025-11-30T13:38:35.197158+08:00[Asia/Shanghai]  INFO liquid_cache_benchmarks::client_runner: client_runner.rs:129 Running query 85
2025-11-30T13:38:35.229716+08:00[Asia/Shanghai]  INFO tpcds_client: tpcds_client.rs:92 Query 85 passed validation
2025-11-30T13:38:36.164839+08:00[Asia/Shanghai]  INFO liquid_cache_benchmarks::client_runner: client_runner.rs:203 
┌──────────────────────────────────────────────────┐
│ Query Time:                                20 ms │
│ Cache CPU:                                  3 ms │
├──────────────────────────────────────────────────┤
│ Network:                                  1.1 MB │
│ Cache Memory (total/liquid):     1.6 GB / 1.6 GB │
│ Disk (Read/Write):                880.0 KB / 0 B │
└──────────────────────────────────────────────────┘

2025-11-30T13:38:36.165003+08:00[Asia/Shanghai]  INFO liquid_cache_benchmarks::client_runner: client_runner.rs:129 Running query 86
2025-11-30T13:38:36.185425+08:00[Asia/Shanghai]  INFO tpcds_client: tpcds_client.rs:92 Query 86 passed validation
2025-11-30T13:38:36.581188+08:00[Asia/Shanghai]  INFO liquid_cache_benchmarks::client_runner: client_runner.rs:203 
┌──────────────────────────────────────────────────┐
│ Query Time:                                 7 ms │
│ Cache CPU:                                  0 ms │
├──────────────────────────────────────────────────┤
│ Network:                                600.3 KB │
│ Cache Memory (total/liquid): 623.6 MB / 623.6 MB │
│ Disk (Read/Write):               8.0 KB / 8.0 KB │
└──────────────────────────────────────────────────┘

2025-11-30T13:38:36.581311+08:00[Asia/Shanghai]  INFO liquid_cache_benchmarks::client_runner: client_runner.rs:129 Running query 87
2025-11-30T13:38:36.607460+08:00[Asia/Shanghai]  INFO tpcds_client: tpcds_client.rs:92 Query 87 passed validation
2025-11-30T13:38:37.636141+08:00[Asia/Shanghai]  INFO liquid_cache_benchmarks::client_runner: client_runner.rs:203 
┌──────────────────────────────────────────────────┐
│ Query Time:                                14 ms │
│ Cache CPU:                                  0 ms │
├──────────────────────────────────────────────────┤
│ Network:                                  2.5 MB │
│ Cache Memory (total/liquid):     1.8 GB / 1.8 GB │
│ Disk (Read/Write):                  8.0 KB / 0 B │
└──────────────────────────────────────────────────┘

2025-11-30T13:38:37.636345+08:00[Asia/Shanghai]  INFO liquid_cache_benchmarks::client_runner: client_runner.rs:129 Running query 88
2025-11-30T13:38:37.673176+08:00[Asia/Shanghai]  INFO tpcds_client: tpcds_client.rs:92 Query 88 passed validation
2025-11-30T13:38:41.033800+08:00[Asia/Shanghai]  INFO liquid_cache_benchmarks::client_runner: client_runner.rs:203 
┌──────────────────────────────────────────────────┐
│ Query Time:                                25 ms │
│ Cache CPU:                                 21 ms │
├──────────────────────────────────────────────────┤
│ Network:                                  2.8 MB │
│ Cache Memory (total/liquid):     6.6 GB / 6.6 GB │
│ Disk (Read/Write):               4.1 MB / 1.6 MB │
└──────────────────────────────────────────────────┘

2025-11-30T13:38:41.034145+08:00[Asia/Shanghai]  INFO liquid_cache_benchmarks::client_runner: client_runner.rs:129 Running query 89
2025-11-30T13:38:41.058163+08:00[Asia/Shanghai]  INFO tpcds_client: tpcds_client.rs:92 Query 89 passed validation
2025-11-30T13:38:41.580805+08:00[Asia/Shanghai]  INFO liquid_cache_benchmarks::client_runner: client_runner.rs:203 
┌──────────────────────────────────────────────────┐
│ Query Time:                                11 ms │
│ Cache CPU:                                  1 ms │
├──────────────────────────────────────────────────┤
│ Network:                                  2.5 MB │
│ Cache Memory (total/liquid): 843.3 MB / 843.3 MB │
│ Disk (Read/Write):               1.2 MB / 1.3 MB │
└──────────────────────────────────────────────────┘

2025-11-30T13:38:41.580936+08:00[Asia/Shanghai]  INFO liquid_cache_benchmarks::client_runner: client_runner.rs:129 Running query 90
2025-11-30T13:38:41.604564+08:00[Asia/Shanghai]  INFO tpcds_client: tpcds_client.rs:92 Query 90 passed validation
2025-11-30T13:38:42.501810+08:00[Asia/Shanghai]  INFO liquid_cache_benchmarks::client_runner: client_runner.rs:203 
┌──────────────────────────────────────────────────┐
│ Query Time:                                12 ms │
│ Cache CPU:                                  1 ms │
├──────────────────────────────────────────────────┤
│ Network:                                619.1 KB │
│ Cache Memory (total/liquid):     1.7 GB / 1.7 GB │
│ Disk (Read/Write):                552.0 KB / 0 B │
└──────────────────────────────────────────────────┘

2025-11-30T13:38:42.501945+08:00[Asia/Shanghai]  INFO liquid_cache_benchmarks::client_runner: client_runner.rs:129 Running query 91
2025-11-30T13:38:42.528861+08:00[Asia/Shanghai]  INFO tpcds_client: tpcds_client.rs:92 Query 91 passed validation
2025-11-30T13:38:43.365130+08:00[Asia/Shanghai]  INFO liquid_cache_benchmarks::client_runner: client_runner.rs:203 
┌──────────────────────────────────────────────────┐
│ Query Time:                                15 ms │
│ Cache CPU:                                  2 ms │
├──────────────────────────────────────────────────┤
│ Network:                                742.9 KB │
│ Cache Memory (total/liquid):     1.4 GB / 1.4 GB │
│ Disk (Read/Write):             576.0 KB / 1.4 MB │
└──────────────────────────────────────────────────┘

2025-11-30T13:38:43.365268+08:00[Asia/Shanghai]  INFO liquid_cache_benchmarks::client_runner: client_runner.rs:129 Running query 92
2025-11-30T13:38:43.388842+08:00[Asia/Shanghai]  INFO tpcds_client: tpcds_client.rs:92 Query 92 passed validation
2025-11-30T13:38:43.982462+08:00[Asia/Shanghai]  INFO liquid_cache_benchmarks::client_runner: client_runner.rs:203 
┌──────────────────────────────────────────────────┐
│ Query Time:                                10 ms │
│ Cache CPU:                                  0 ms │
├──────────────────────────────────────────────────┤
│ Network:                                198.6 KB │
│ Cache Memory (total/liquid):     1.0 GB / 1.0 GB │
│ Disk (Read/Write):                  8.0 KB / 0 B │
└──────────────────────────────────────────────────┘

2025-11-30T13:38:43.982583+08:00[Asia/Shanghai]  INFO liquid_cache_benchmarks::client_runner: client_runner.rs:129 Running query 93
2025-11-30T13:38:44.006922+08:00[Asia/Shanghai]  INFO tpcds_client: tpcds_client.rs:92 Query 93 passed validation
2025-11-30T13:38:44.408526+08:00[Asia/Shanghai]  INFO liquid_cache_benchmarks::client_runner: client_runner.rs:203 
┌──────────────────────────────────────────────────┐
│ Query Time:                                13 ms │
│ Cache CPU:                                  0 ms │
├──────────────────────────────────────────────────┤
│ Network:                                 14.5 MB │
│ Cache Memory (total/liquid): 637.5 MB / 637.3 MB │
│ Disk (Read/Write):                840.0 KB / 0 B │
└──────────────────────────────────────────────────┘

2025-11-30T13:38:44.408622+08:00[Asia/Shanghai]  INFO liquid_cache_benchmarks::client_runner: client_runner.rs:129 Running query 94
2025-11-30T13:38:44.433432+08:00[Asia/Shanghai]  INFO tpcds_client: tpcds_client.rs:92 Query 94 passed validation
2025-11-30T13:38:45.150915+08:00[Asia/Shanghai]  INFO liquid_cache_benchmarks::client_runner: client_runner.rs:203 
┌──────────────────────────────────────────────────┐
│ Query Time:                                13 ms │
│ Cache CPU:                                  1 ms │
├──────────────────────────────────────────────────┤
│ Network:                                  1.5 MB │
│ Cache Memory (total/liquid):     1.3 GB / 1.3 GB │
│ Disk (Read/Write):                  1.1 MB / 0 B │
└──────────────────────────────────────────────────┘

2025-11-30T13:38:45.151051+08:00[Asia/Shanghai]  INFO liquid_cache_benchmarks::client_runner: client_runner.rs:129 Running query 95
2025-11-30T13:38:45.183375+08:00[Asia/Shanghai]  INFO tpcds_client: tpcds_client.rs:92 Query 95 passed validation
2025-11-30T13:38:46.180790+08:00[Asia/Shanghai]  INFO liquid_cache_benchmarks::client_runner: client_runner.rs:203 
┌──────────────────────────────────────────────────┐
│ Query Time:                                20 ms │
│ Cache CPU:                                  0 ms │
├──────────────────────────────────────────────────┤
│ Network:                                  5.0 MB │
│ Cache Memory (total/liquid):     1.9 GB / 1.9 GB │
│ Disk (Read/Write):              8.0 KB / 16.0 KB │
└──────────────────────────────────────────────────┘

2025-11-30T13:38:46.180957+08:00[Asia/Shanghai]  INFO liquid_cache_benchmarks::client_runner: client_runner.rs:129 Running query 96
2025-11-30T13:38:46.198637+08:00[Asia/Shanghai]  INFO tpcds_client: tpcds_client.rs:92 Query 96 passed validation
2025-11-30T13:38:46.693519+08:00[Asia/Shanghai]  INFO liquid_cache_benchmarks::client_runner: client_runner.rs:203 
┌──────────────────────────────────────────────────┐
│ Query Time:                                 6 ms │
│ Cache CPU:                                  2 ms │
├──────────────────────────────────────────────────┤
│ Network:                                229.6 KB │
│ Cache Memory (total/liquid): 857.6 MB / 857.6 MB │
│ Disk (Read/Write):             8.0 KB / 104.0 KB │
└──────────────────────────────────────────────────┘

2025-11-30T13:38:46.693612+08:00[Asia/Shanghai]  INFO liquid_cache_benchmarks::client_runner: client_runner.rs:129 Running query 97
2025-11-30T13:38:46.715619+08:00[Asia/Shanghai]  INFO tpcds_client: tpcds_client.rs:92 Query 97 passed validation
2025-11-30T13:38:47.212761+08:00[Asia/Shanghai]  INFO liquid_cache_benchmarks::client_runner: client_runner.rs:203 
┌──────────────────────────────────────────────────┐
│ Query Time:                                10 ms │
│ Cache CPU:                                  0 ms │
├──────────────────────────────────────────────────┤
│ Network:                                  2.1 MB │
│ Cache Memory (total/liquid): 857.6 MB / 857.6 MB │
│ Disk (Read/Write):                  8.0 KB / 0 B │
└──────────────────────────────────────────────────┘

2025-11-30T13:38:47.212906+08:00[Asia/Shanghai]  INFO liquid_cache_benchmarks::client_runner: client_runner.rs:129 Running query 98
2025-11-30T13:38:47.233463+08:00[Asia/Shanghai]  INFO tpcds_client: tpcds_client.rs:92 Query 98 passed validation
2025-11-30T13:38:47.630740+08:00[Asia/Shanghai]  INFO liquid_cache_benchmarks::client_runner: client_runner.rs:203 
┌──────────────────────────────────────────────────┐
│ Query Time:                                 7 ms │
│ Cache CPU:                                  0 ms │
├──────────────────────────────────────────────────┤
│ Network:                                243.1 KB │
│ Cache Memory (total/liquid): 643.2 MB / 643.2 MB │
│ Disk (Read/Write):                  8.0 KB / 0 B │
└──────────────────────────────────────────────────┘

2025-11-30T13:38:47.630852+08:00[Asia/Shanghai]  INFO liquid_cache_benchmarks::client_runner: client_runner.rs:129 Running query 99
2025-11-30T13:38:47.654030+08:00[Asia/Shanghai]  INFO tpcds_client: tpcds_client.rs:92 Query 99 passed validation
2025-11-30T13:38:48.250488+08:00[Asia/Shanghai]  INFO liquid_cache_benchmarks::client_runner: client_runner.rs:203 
┌──────────────────────────────────────────────────┐
│ Query Time:                                11 ms │
│ Cache CPU:                                  2 ms │
├──────────────────────────────────────────────────┤
│ Network:                                  1.2 MB │
│ Cache Memory (total/liquid):     1.0 GB / 1.0 GB │
│ Disk (Read/Write):                320.0 KB / 0 B │
└──────────────────────────────────────────────────┘

